<?xml version="1.0" encoding="UTF-8"?>
<!-- Generated by org.testng.reporters.JUnitReportReporter -->
<testsuite hostname="1-duypham2-u" failures="0" tests="2" name="testcases.sampleTestApplyLogV2.Docker_TC_Sample" time="6.241" errors="0" timestamp="2023-06-20T13:47:07 ICT" skipped="0">
  <testcase classname="testcases.sampleTestApplyLogV2.Docker_TC_Sample" name="TC_02_Docker_Firefox" time="3.351"/>
  <system-out/>
  <testcase classname="testcases.sampleTestApplyLogV2.Docker_TC_Sample" name="TC_01_Docker_Chrome" time="2.890"/>
  <system-out/>
</testsuite> <!-- testcases.sampleTestApplyLogV2.Docker_TC_Sample -->
