<?xml version="1.0" encoding="UTF-8"?>
<!-- Generated by org.testng.reporters.JUnitReportReporter -->
<testsuite hostname="1-duypham2-u" failures="0" tests="12" name="testcases.com_nopcomerce_user.Level01_Multi_Envi_Docker" time="20.328" errors="0" timestamp="2023-06-20T16:43:27 ICT" skipped="0">
  <testcase classname="testcases.com_nopcomerce_user.Level01_Multi_Envi_Docker" name="TC_05_Register_Password_Less_Than_6_Character" time="1.616"/>
  <system-out/>
  <testcase classname="testcases.com_nopcomerce_user.Level01_Multi_Envi_Docker" name="TC_05_Register_Password_Less_Than_6_Character" time="1.301"/>
  <system-out/>
  <testcase classname="testcases.com_nopcomerce_user.Level01_Multi_Envi_Docker" name="TC_06_Register_Invalid_Password" time="1.868"/>
  <system-out/>
  <testcase classname="testcases.com_nopcomerce_user.Level01_Multi_Envi_Docker" name="TC_02_Register_Invalid_Email" time="1.606"/>
  <system-out/>
  <testcase classname="testcases.com_nopcomerce_user.Level01_Multi_Envi_Docker" name="TC_06_Register_Invalid_Password" time="1.370"/>
  <system-out/>
  <testcase classname="testcases.com_nopcomerce_user.Level01_Multi_Envi_Docker" name="TC_03_Register_Success" time="1.765"/>
  <system-out/>
  <testcase classname="testcases.com_nopcomerce_user.Level01_Multi_Envi_Docker" name="TC_01_Register_Empty_Data" time="1.134"/>
  <system-out/>
  <testcase classname="testcases.com_nopcomerce_user.Level01_Multi_Envi_Docker" name="TC_02_Register_Invalid_Email" time="2.030"/>
  <system-out/>
  <testcase classname="testcases.com_nopcomerce_user.Level01_Multi_Envi_Docker" name="TC_04_Register_Existing_Email" time="1.547"/>
  <system-out/>
  <testcase classname="testcases.com_nopcomerce_user.Level01_Multi_Envi_Docker" name="TC_03_Register_Success" time="2.625"/>
  <system-out/>
  <testcase classname="testcases.com_nopcomerce_user.Level01_Multi_Envi_Docker" name="TC_04_Register_Existing_Email" time="2.082"/>
  <system-out/>
  <testcase classname="testcases.com_nopcomerce_user.Level01_Multi_Envi_Docker" name="TC_01_Register_Empty_Data" time="1.384"/>
  <system-out/>
</testsuite> <!-- testcases.com_nopcomerce_user.Level01_Multi_Envi_Docker -->
