<?xml version="1.0" encoding="UTF-8"?>
<!-- Generated by org.testng.reporters.JUnitReportReporter -->
<testsuite hostname="1-duypham2-u" failures="0" tests="1" name="testcases.sampleTestApplyLogV2.TestWebElement" time="5.394" errors="0" timestamp="2023-06-21T23:36:45 ICT" skipped="0">
  <testcase classname="testcases.sampleTestApplyLogV2.TestWebElement" name="TC_02_CountTextInTextBox" time="5.394"/>
  <system-out/>
</testsuite> <!-- testcases.sampleTestApplyLogV2.TestWebElement -->
