<?xml version="1.0" encoding="UTF-8"?>
<!-- Generated by org.testng.reporters.JUnitReportReporter -->
<testsuite hostname="1-duypham2-u" failures="0" tests="6" name="testcases.com_nopcomerce_user.Level_Multi_Envi_Register_Apply_PageObjectModel" time="7.920" errors="0" timestamp="2023-06-18T12:20:05 ICT" skipped="0">
  <testcase classname="testcases.com_nopcomerce_user.Level_Multi_Envi_Register_Apply_PageObjectModel" name="TC_05_Register_Password_Less_Than_6_Character" time="0.859"/>
  <system-out/>
  <testcase classname="testcases.com_nopcomerce_user.Level_Multi_Envi_Register_Apply_PageObjectModel" name="TC_02_Register_Invalid_Email" time="1.457"/>
  <system-out/>
  <testcase classname="testcases.com_nopcomerce_user.Level_Multi_Envi_Register_Apply_PageObjectModel" name="TC_03_Register_Success" time="2.074"/>
  <system-out/>
  <testcase classname="testcases.com_nopcomerce_user.Level_Multi_Envi_Register_Apply_PageObjectModel" name="TC_01_Register_Empty_Data" time="1.314"/>
  <system-out/>
  <testcase classname="testcases.com_nopcomerce_user.Level_Multi_Envi_Register_Apply_PageObjectModel" name="TC_06_Register_Invalid_Password" time="0.907"/>
  <system-out/>
  <testcase classname="testcases.com_nopcomerce_user.Level_Multi_Envi_Register_Apply_PageObjectModel" name="TC_04_Register_Existing_Email" time="1.309"/>
  <system-out/>
</testsuite> <!-- testcases.com_nopcomerce_user.Level_Multi_Envi_Register_Apply_PageObjectModel -->
